<?xml version="1.0" encoding="UTF-8"?>
<!-- Generated by org.testng.reporters.JUnitReportReporter -->
<testsuite hostname="Rashmi" failures="0" tests="2" name="suitea.TestA" time="4.496" errors="0" timestamp="2023-05-26T19:13:42 IST" skipped="0">
  <testcase classname="suitea.TestA" name="testA" time="2.200"/>
  <system-out/>
  <testcase classname="suitea.TestA" name="testA" time="2.296"/>
  <system-out/>
</testsuite> <!-- suitea.TestA -->
