<?xml version="1.0" encoding="UTF-8"?>
<!-- Generated by org.testng.reporters.JUnitReportReporter -->
<testsuite hostname="Rashmi" failures="0" tests="2" name="suitea.TestAA" time="4.089" errors="0" timestamp="2023-05-26T19:13:42 IST" skipped="0">
  <testcase classname="suitea.TestAA" name="testAA" time="2.058"/>
  <system-out/>
  <testcase classname="suitea.TestAA" name="testAA" time="2.031"/>
  <system-out/>
</testsuite> <!-- suitea.TestAA -->
