<?xml version="1.0" encoding="UTF-8"?>
<!-- Generated by org.testng.reporters.JUnitReportReporter -->
<testsuite hostname="Rashmi" failures="0" tests="2" name="suitec.TestC" time="4.080" errors="0" timestamp="2023-05-26T19:13:42 IST" skipped="0">
  <testcase classname="suitec.TestC" name="testC" time="2.027"/>
  <system-out/>
  <testcase classname="suitec.TestC" name="testC" time="2.053"/>
  <system-out/>
</testsuite> <!-- suitec.TestC -->
