<?xml version="1.0" encoding="UTF-8"?>
<!-- Generated by org.testng.reporters.JUnitReportReporter -->
<testsuite hostname="Rashmi" failures="0" tests="2" name="suitec.TestCC" time="4.067" errors="0" timestamp="2023-05-26T19:13:42 IST" skipped="0">
  <testcase classname="suitec.TestCC" name="testCC" time="2.034"/>
  <system-out/>
  <testcase classname="suitec.TestCC" name="testCC" time="2.033"/>
  <system-out/>
</testsuite> <!-- suitec.TestCC -->
