<?xml version="1.0" encoding="UTF-8"?>
<!-- Generated by org.testng.reporters.JUnitReportReporter -->
<testsuite hostname="Rashmi" failures="0" tests="2" name="suiteb.TestBB" time="4.103" errors="0" timestamp="2023-05-26T19:13:42 IST" skipped="0">
  <testcase classname="suiteb.TestBB" name="testBB" time="2.040"/>
  <system-out/>
  <testcase classname="suiteb.TestBB" name="testBB" time="2.063"/>
  <system-out/>
</testsuite> <!-- suiteb.TestBB -->
