<?xml version="1.0" encoding="UTF-8"?>
<!-- Generated by org.testng.reporters.JUnitReportReporter -->
<testsuite hostname="Rashmi" failures="0" tests="2" name="suiteb.TestB" time="4.065" errors="0" timestamp="2023-05-26T19:13:42 IST" skipped="0">
  <testcase classname="suiteb.TestB" name="testB" time="2.033"/>
  <system-out/>
  <testcase classname="suiteb.TestB" name="testB" time="2.032"/>
  <system-out/>
</testsuite> <!-- suiteb.TestB -->
