<?xml version="1.0" encoding="UTF-8"?>
<!-- Generated by org.testng.reporters.JUnitReportReporter -->
<testsuite hostname="Rashmi" failures="0" tests="1" name="suiteb.TestBB" time="2.007" errors="0" timestamp="2023-04-25T22:11:12 IST" skipped="0">
  <testcase classname="suiteb.TestBB" name="testBB" time="2.007"/>
</testsuite> <!-- suiteb.TestBB -->
