<?xml version="1.0" encoding="UTF-8"?>
<!-- Generated by org.testng.reporters.JUnitReportReporter -->
<testsuite hostname="Rashmi" failures="0" tests="1" name="suitea.TestAA" time="2.024" errors="0" timestamp="2023-04-25T22:11:46 IST" skipped="0">
  <testcase classname="suitea.TestAA" name="testAA" time="2.024"/>
</testsuite> <!-- suitea.TestAA -->
