<?xml version="1.0" encoding="UTF-8"?>
<!-- Generated by org.testng.reporters.JUnitReportReporter -->
<testsuite hostname="Rashmi" failures="0" tests="3" name="TestCases.suiteB.SearchAndBuyPhone" time="0.003" errors="0" timestamp="2024-01-18T18:49:10 IST" skipped="3">
  <testcase classname="TestCases.suiteB.SearchAndBuyPhone" name="search" time="0.003">
    <skipped/>
  </testcase> <!-- search -->
  <testcase classname="TestCases.suiteB.SearchAndBuyPhone" name="selectPhone" time="0.000">
    <skipped/>
  </testcase> <!-- selectPhone -->
  <testcase classname="TestCases.suiteB.SearchAndBuyPhone" name="checkout" time="0.000">
    <skipped/>
  </testcase> <!-- checkout -->
</testsuite> <!-- TestCases.suiteB.SearchAndBuyPhone -->
