<?xml version="1.0" encoding="UTF-8"?>
<!-- Generated by org.testng.reporters.JUnitReportReporter -->
<testsuite hostname="Rashmi" failures="0" tests="2" name="TestCases.suiteA.LoginTest" time="0.007" errors="0" timestamp="2024-01-18T18:49:10 IST" skipped="0">
  <testcase classname="TestCases.suiteA.LoginTest" name="logout" time="0.000"/>
  <testcase classname="TestCases.suiteA.LoginTest" name="doLogin" time="0.007"/>
</testsuite> <!-- TestCases.suiteA.LoginTest -->
