<?xml version="1.0" encoding="UTF-8"?>
<!-- Generated by org.testng.reporters.JUnitReportReporter -->
<testsuite hostname="Rashmi" failures="0" tests="5" name="TestCases.suiteA.CreateUser" time="0.011" errors="0" timestamp="2024-01-18T18:49:10 IST" skipped="0">
  <testcase classname="TestCases.suiteA.CreateUser" name="deleteUser" time="0.000"/>
  <testcase classname="TestCases.suiteA.CreateUser" name="createUser" time="0.000"/>
  <testcase classname="TestCases.suiteA.CreateUser" name="createUser" time="0.000"/>
  <testcase classname="TestCases.suiteA.CreateUser" name="deleteUser" time="0.000"/>
  <testcase classname="TestCases.suiteA.CreateUser" name="createUser" time="0.011"/>
</testsuite> <!-- TestCases.suiteA.CreateUser -->
