<?xml version="1.0" encoding="UTF-8"?>
<!-- Generated by org.testng.reporters.JUnitReportReporter -->
<testsuite hostname="Rashmi" failures="0" tests="1" name="testcases.RegisterationTest" time="0.013" errors="0" timestamp="2023-04-27T20:24:47 IST" skipped="0">
  <testcase classname="testcases.RegisterationTest" name="doRegister" time="0.013"/>
</testsuite> <!-- testcases.RegisterationTest -->
