<?xml version="1.0" encoding="UTF-8"?>
<!-- Generated by org.testng.reporters.JUnitReportReporter -->
<testsuite hostname="Rashmi" failures="0" tests="1" name="suitea.TestA" time="2.009" errors="0" timestamp="2023-04-25T22:16:33 IST" skipped="0">
  <testcase classname="suitea.TestA" name="testA" time="2.009"/>
</testsuite> <!-- suitea.TestA -->
