<?xml version="1.0" encoding="UTF-8"?>
<!-- Generated by org.testng.reporters.JUnitReportReporter -->
<testsuite hostname="Rashmi" failures="0" tests="1" name="suiteb.TestB" time="2.010" errors="0" timestamp="2023-04-25T22:16:33 IST" skipped="0">
  <testcase classname="suiteb.TestB" name="testB" time="2.010"/>
</testsuite> <!-- suiteb.TestB -->
