<?xml version="1.0" encoding="UTF-8"?>
<!-- Generated by org.testng.reporters.JUnitReportReporter -->
<testsuite hostname="Rashmi" failures="0" tests="1" name="suitea.SakraWorldTest" time="38.304" errors="0" timestamp="2023-08-29T19:14:29 IST" skipped="0">
  <testcase classname="suitea.SakraWorldTest" name="appointmentTest" time="38.304"/>
  <system-out/>
</testsuite> <!-- suitea.SakraWorldTest -->
