<?xml version="1.0" encoding="UTF-8"?>
<!-- Generated by org.testng.reporters.JUnitReportReporter -->
<testsuite hostname="Rashmi" failures="0" tests="2" name="suitea.TestAA" time="4.048" errors="0" timestamp="2023-08-16T19:23:06 IST" skipped="0">
  <testcase classname="suitea.TestAA" name="testAA" time="2.027"/>
  <system-out/>
  <testcase classname="suitea.TestAA" name="testAA" time="2.021"/>
  <system-out/>
</testsuite> <!-- suitea.TestAA -->
