<?xml version="1.0" encoding="UTF-8"?>
<!-- Generated by org.testng.reporters.JUnitReportReporter -->
<testsuite hostname="Rashmi" failures="0" tests="2" name="suiteb.TestB" time="4.089" errors="0" timestamp="2023-08-16T19:23:06 IST" skipped="0">
  <testcase classname="suiteb.TestB" name="testB" time="2.052"/>
  <system-out/>
  <testcase classname="suiteb.TestB" name="testB" time="2.037"/>
  <system-out/>
</testsuite> <!-- suiteb.TestB -->
