<?xml version="1.0" encoding="UTF-8"?>
<!-- Generated by org.testng.reporters.JUnitReportReporter -->
<testsuite hostname="Rashmi" failures="0" tests="1" name="suitec.TestC" time="2.038" errors="0" timestamp="2023-08-16T19:23:06 IST" skipped="0">
  <testcase classname="suitec.TestC" name="testC" time="2.038"/>
  <system-out/>
</testsuite> <!-- suitec.TestC -->
