<?xml version="1.0" encoding="UTF-8"?>
<!-- Generated by org.testng.reporters.JUnitReportReporter -->
<testsuite hostname="Rashmi" failures="0" tests="1" name="suiteB.TestB2" time="5.015" errors="0" timestamp="2023-11-21T14:17:30 IST" skipped="0">
  <testcase classname="suiteB.TestB2" name="testB2" time="5.015"/>
  <system-out/>
</testsuite> <!-- suiteB.TestB2 -->
