<?xml version="1.0" encoding="UTF-8"?>
<!-- Generated by org.testng.reporters.JUnitReportReporter -->
<testsuite hostname="Rashmi" failures="0" tests="1" name="suiteB.TestB1" time="5.016" errors="0" timestamp="2023-11-21T14:17:30 IST" skipped="0">
  <testcase classname="suiteB.TestB1" name="testB1" time="5.016"/>
  <system-out/>
</testsuite> <!-- suiteB.TestB1 -->
