<?xml version="1.0" encoding="UTF-8"?>
<!-- Generated by org.testng.reporters.JUnitReportReporter -->
<testsuite hostname="Rashmi" failures="0" tests="1" name="suiteA.TestA2" time="5.016" errors="0" timestamp="2023-11-21T14:17:30 IST" skipped="0">
  <testcase classname="suiteA.TestA2" name="testA2" time="5.016"/>
  <system-out/>
</testsuite> <!-- suiteA.TestA2 -->
