<?xml version="1.0" encoding="UTF-8"?>
<!-- Generated by org.testng.reporters.JUnitReportReporter -->
<testsuite hostname="Rashmi" failures="0" tests="5" name="TestCases.suiteA.CreateUser" time="0.033" errors="0" timestamp="2023-04-25T21:14:30 IST" skipped="0">
  <testcase classname="TestCases.suiteA.CreateUser" name="deleteUser" time="0.002"/>
  <testcase classname="TestCases.suiteA.CreateUser" name="createUser" time="0.002"/>
  <testcase classname="TestCases.suiteA.CreateUser" name="createUser" time="0.003"/>
  <testcase classname="TestCases.suiteA.CreateUser" name="deleteUser" time="0.002"/>
  <testcase classname="TestCases.suiteA.CreateUser" name="createUser" time="0.024"/>
</testsuite> <!-- TestCases.suiteA.CreateUser -->
