<?xml version="1.0" encoding="UTF-8"?>
<!-- Generated by org.testng.reporters.JUnitReportReporter -->
<testsuite hostname="Rashmi" failures="0" tests="1" name="login.LoginTest" time="6.577" errors="0" timestamp="2023-07-12T22:13:13 IST" skipped="0">
  <testcase classname="login.LoginTest" name="login" time="6.577"/>
  <system-out/>
</testsuite> <!-- login.LoginTest -->
