<?xml version="1.0" encoding="UTF-8"?>
<!-- Generated by org.testng.reporters.JUnitReportReporter -->
<testsuite hostname="Rashmi" failures="0" tests="1" name="expicitwait.Paytm" time="7.546" errors="0" timestamp="2023-08-16T19:21:54 IST" skipped="0">
  <testcase classname="expicitwait.Paytm" name="radio" time="7.546"/>
  <system-out/>
</testsuite> <!-- expicitwait.Paytm -->
