<?xml version="1.0" encoding="UTF-8"?>
<!-- Generated by org.testng.reporters.JUnitReportReporter -->
<testsuite hostname="Rashmi" failures="0" tests="1" name="exercise.QTPSelenium_JobServe" time="14.876" errors="0" timestamp="2023-10-16T19:08:24 IST" skipped="0">
  <testcase classname="exercise.QTPSelenium_JobServe" name="JobServeExercise" time="14.876"/>
  <system-out/>
</testsuite> <!-- exercise.QTPSelenium_JobServe -->
