<?xml version="1.0" encoding="UTF-8"?>
<!-- Generated by org.testng.reporters.JUnitReportReporter -->
<testsuite hostname="Rashmi" failures="0" tests="1" name="exercise.JobServe" time="34.613" errors="0" timestamp="2023-09-04T18:53:22 IST" skipped="0">
  <testcase classname="exercise.JobServe" name="MagicBricksExercise" time="34.613"/>
  <system-out/>
</testsuite> <!-- exercise.JobServe -->
