<?xml version="1.0" encoding="UTF-8"?>
<!-- Generated by org.testng.reporters.JUnitReportReporter -->
<testsuite hostname="Rashmi" failures="0" tests="1" name="xpath.LinkedIn" time="3.421" errors="0" timestamp="2023-06-21T16:12:04 IST" skipped="0">
  <testcase classname="xpath.LinkedIn" name="linkedin" time="3.421"/>
  <system-out/>
</testsuite> <!-- xpath.LinkedIn -->
