<?xml version="1.0" encoding="UTF-8"?>
<!-- Generated by org.testng.reporters.JUnitReportReporter -->
<testsuite hostname="Rashmi" failures="0" tests="1" name="multipleobjectextraction.CNNHeaderLinkTest" time="143.813" errors="0" timestamp="2023-08-10T20:38:32 IST" skipped="0">
  <testcase classname="multipleobjectextraction.CNNHeaderLinkTest" name="cnnHeaderLinks" time="143.813"/>
  <system-out/>
</testsuite> <!-- multipleobjectextraction.CNNHeaderLinkTest -->
