<?xml version="1.0" encoding="UTF-8"?>
<!-- Generated by org.testng.reporters.JUnitReportReporter -->
<testsuite hostname="Rashmi" failures="0" tests="1" name="expicitwait.Waiting" time="7.153" errors="0" timestamp="2023-08-11T19:00:03 IST" skipped="0">
  <testcase classname="expicitwait.Waiting" name="radio" time="7.153"/>
  <system-out/>
</testsuite> <!-- expicitwait.Waiting -->
