<?xml version="1.0" encoding="UTF-8"?>
<!-- Generated by org.testng.reporters.JUnitReportReporter -->
<testsuite hostname="Rashmi" failures="0" tests="1" name="exercise.google" time="22.054" errors="0" timestamp="2023-10-13T18:48:06 IST" skipped="0">
  <testcase classname="exercise.google" name="SearchNameInGoogle" time="22.054"/>
  <system-out/>
</testsuite> <!-- exercise.google -->
