<?xml version="1.0" encoding="UTF-8"?>
<!-- Generated by org.testng.reporters.JUnitReportReporter -->
<testsuite hostname="Rashmi" failures="0" tests="1" name="webTables.customWebTableFunction" time="21.487" errors="0" timestamp="2023-09-06T21:44:59 IST" skipped="0">
  <testcase classname="webTables.customWebTableFunction" name="testTable" time="21.487"/>
  <system-out/>
</testsuite> <!-- webTables.customWebTableFunction -->
