<?xml version="1.0" encoding="UTF-8"?>
<!-- Generated by org.testng.reporters.JUnitReportReporter -->
<testsuite hostname="Rashmi" failures="0" tests="1" name="cssselectors.UnderstandingClassName" time="4.710" errors="0" timestamp="2023-06-27T21:48:09 IST" skipped="0">
  <testcase classname="cssselectors.UnderstandingClassName" name="testApp" time="4.710"/>
  <system-out/>
</testsuite> <!-- cssselectors.UnderstandingClassName -->
