<?xml version="1.0" encoding="UTF-8"?>
<!-- Generated by org.testng.reporters.JUnitReportReporter -->
<testsuite hostname="Rashmi" failures="0" tests="1" name="windowManagement.demo4" time="20.218" errors="0" timestamp="2023-08-30T18:53:45 IST" skipped="0">
  <testcase classname="windowManagement.demo4" name="rediif" time="20.218"/>
  <system-out/>
</testsuite> <!-- windowManagement.demo4 -->
