<?xml version="1.0" encoding="UTF-8"?>
<!-- Generated by org.testng.reporters.JUnitReportReporter -->
<testsuite hostname="Rashmi" failures="0" tests="1" name="optionsAndProfiling.EdgeProfilingAndOptions" time="14.170" errors="0" timestamp="2023-06-02T12:32:37 IST" skipped="0">
  <testcase classname="optionsAndProfiling.EdgeProfilingAndOptions" name="edge" time="14.170"/>
  <system-out/>
</testsuite> <!-- optionsAndProfiling.EdgeProfilingAndOptions -->
