<?xml version="1.0" encoding="UTF-8"?>
<!-- Generated by org.testng.reporters.JUnitReportReporter -->
<testsuite hostname="Rashmi" failures="0" tests="1" name="optionsAndProfiling.ChromeProfilingAndOptions" time="8.221" errors="0" timestamp="2023-06-02T12:05:48 IST" skipped="0">
  <testcase classname="optionsAndProfiling.ChromeProfilingAndOptions" name="chrome" time="8.221"/>
  <system-out/>
</testsuite> <!-- optionsAndProfiling.ChromeProfilingAndOptions -->
