<?xml version="1.0" encoding="UTF-8"?>
<!-- Generated by org.testng.reporters.JUnitReportReporter -->
<testsuite hostname="Rashmi" failures="0" tests="1" name="windowManagement.WindowsSelenium" time="12.680" errors="0" timestamp="2023-08-30T18:08:49 IST" skipped="0">
  <testcase classname="windowManagement.WindowsSelenium" name="testWindows" time="12.680"/>
  <system-out/>
</testsuite> <!-- windowManagement.WindowsSelenium -->
