<?xml version="1.0" encoding="UTF-8"?>
<!-- Generated by org.testng.reporters.JUnitReportReporter -->
<testsuite hostname="Rashmi" failures="0" tests="1" name="radiobuttonsandscreenshots.radioButtons" time="5.334" errors="0" timestamp="2023-08-10T21:19:45 IST" skipped="0">
  <testcase classname="radiobuttonsandscreenshots.radioButtons" name="radio" time="5.334"/>
  <system-out/>
</testsuite> <!-- radiobuttonsandscreenshots.radioButtons -->
