<?xml version="1.0" encoding="UTF-8"?>
<!-- Generated by org.testng.reporters.JUnitReportReporter -->
<testsuite hostname="Rashmi" failures="0" tests="1" name="identifyingelements.LinkedIn" time="7.019" errors="0" timestamp="2023-06-20T23:30:31 IST" skipped="0">
  <testcase classname="identifyingelements.LinkedIn" name="linkedin" time="7.019"/>
  <system-out/>
</testsuite> <!-- identifyingelements.LinkedIn -->
