<?xml version="1.0" encoding="UTF-8"?>
<!-- Generated by org.testng.reporters.JUnitReportReporter -->
<testsuite hostname="Rashmi" failures="0" tests="1" name="exercise.QTPSelenium_MagicBricksExercise" time="14.926" errors="0" timestamp="2023-10-13T20:41:17 IST" skipped="0">
  <testcase classname="exercise.QTPSelenium_MagicBricksExercise" name="MagicBricksExercise" time="14.926"/>
  <system-out/>
</testsuite> <!-- exercise.QTPSelenium_MagicBricksExercise -->
