<?xml version="1.0" encoding="UTF-8"?>
<!-- Generated by org.testng.reporters.JUnitReportReporter -->
<testsuite hostname="Rashmi" failures="0" tests="1" name="xpath.Flipkart" time="5.897" errors="0" timestamp="2023-06-21T20:09:11 IST" skipped="0">
  <testcase classname="xpath.Flipkart" name="login" time="5.897"/>
  <system-out/>
</testsuite> <!-- xpath.Flipkart -->
