<?xml version="1.0" encoding="UTF-8"?>
<!-- Generated by org.testng.reporters.JUnitReportReporter -->
<testsuite hostname="Rashmi" failures="0" tests="1" name="exercise.QTPSelenium_HelloKeyWord" time="14.273" errors="0" timestamp="2023-10-13T20:06:51 IST" skipped="0">
  <testcase classname="exercise.QTPSelenium_HelloKeyWord" name="testapp" time="14.273"/>
  <system-out/>
</testsuite> <!-- exercise.QTPSelenium_HelloKeyWord -->
