<?xml version="1.0" encoding="UTF-8"?>
<!-- Generated by org.testng.reporters.JUnitReportReporter -->
<testsuite hostname="Rashmi" failures="0" tests="1" name="windowManagement.demo5" time="20.702" errors="0" timestamp="2023-08-30T19:00:33 IST" skipped="0">
  <testcase classname="windowManagement.demo5" name="toolsqa" time="20.702"/>
  <system-out/>
</testsuite> <!-- windowManagement.demo5 -->
