<?xml version="1.0" encoding="UTF-8"?>
<!-- Generated by org.testng.reporters.JUnitReportReporter -->
<testsuite hostname="Rashmi" failures="0" tests="1" name="exercise.HelloKeyWord" time="63.694" errors="0" timestamp="2023-09-01T13:18:51 IST" skipped="0">
  <testcase classname="exercise.HelloKeyWord" name="toolsqa" time="63.694"/>
  <system-out/>
</testsuite> <!-- exercise.HelloKeyWord -->
