<?xml version="1.0" encoding="UTF-8"?>
<!-- Generated by org.testng.reporters.JUnitReportReporter -->
<testsuite hostname="Rashmi" failures="0" tests="1" name="webelementfunctions.DropDown" time="6.666" errors="0" timestamp="2023-06-29T23:53:19 IST" skipped="0">
  <testcase classname="webelementfunctions.DropDown" name="testApp" time="6.666"/>
  <system-out/>
</testsuite> <!-- webelementfunctions.DropDown -->
