<?xml version="1.0" encoding="UTF-8"?>
<!-- Generated by org.testng.reporters.JUnitReportReporter -->
<testsuite hostname="Rashmi" failures="0" tests="1" name="downloadandupload.ChromeDownload" time="3.163" errors="0" timestamp="2023-09-25T19:52:19 IST" skipped="0">
  <testcase classname="downloadandupload.ChromeDownload" name="download" time="3.163"/>
  <system-out/>
</testsuite> <!-- downloadandupload.ChromeDownload -->
