<?xml version="1.0" encoding="UTF-8"?>
<!-- Generated by org.testng.reporters.JUnitReportReporter -->
<testsuite hostname="Rashmi" failures="0" tests="1" name="webTables.moneyControl" time="12.663" errors="0" timestamp="2023-09-06T19:07:12 IST" skipped="0">
  <testcase classname="webTables.moneyControl" name="testTable" time="12.663"/>
  <system-out/>
</testsuite> <!-- webTables.moneyControl -->
