<?xml version="1.0" encoding="UTF-8"?>
<!-- Generated by org.testng.reporters.JUnitReportReporter -->
<testsuite hostname="Rashmi" failures="0" tests="1" name="windowManagement.ReddiffAlertManage" time="14.722" errors="0" timestamp="2023-08-30T18:25:07 IST" skipped="0">
  <testcase classname="windowManagement.ReddiffAlertManage" name="rediif" time="14.722"/>
  <system-out/>
</testsuite> <!-- windowManagement.ReddiffAlertManage -->
