<?xml version="1.0" encoding="UTF-8"?>
<!-- Generated by org.testng.reporters.JUnitReportReporter -->
<testsuite hostname="Rashmi" failures="0" tests="1" name="downloadandupload.americanGolf" time="6.669" errors="0" timestamp="2023-10-13T19:20:49 IST" skipped="0">
  <testcase classname="downloadandupload.americanGolf" name="FBFrdFind" time="6.669"/>
  <system-out/>
</testsuite> <!-- downloadandupload.americanGolf -->
