<?xml version="1.0" encoding="UTF-8"?>
<!-- Generated by org.testng.reporters.JUnitReportReporter -->
<testsuite hostname="Rashmi" failures="0" tests="1" name="jsandactions.JSLinkedIn" time="4.298" errors="0" timestamp="2023-09-12T18:49:39 IST" skipped="0">
  <testcase classname="jsandactions.JSLinkedIn" name="linkedIn" time="4.298"/>
  <system-out/>
</testsuite> <!-- jsandactions.JSLinkedIn -->
