<?xml version="1.0" encoding="UTF-8"?>
<!-- Generated by org.testng.reporters.JUnitReportReporter -->
<testsuite hostname="Rashmi" failures="0" tests="1" name="downloadandupload.UploadingFiles" time="4.782" errors="0" timestamp="2023-09-25T20:12:20 IST" skipped="0">
  <testcase classname="downloadandupload.UploadingFiles" name="uploading" time="4.782"/>
  <system-out/>
</testsuite> <!-- downloadandupload.UploadingFiles -->
