<?xml version="1.0" encoding="UTF-8"?>
<!-- Generated by org.testng.reporters.JUnitReportReporter -->
<testsuite hostname="Rashmi" failures="0" tests="1" name="cssselectors.LinkedIn" time="4.032" errors="0" timestamp="2023-06-27T21:35:58 IST" skipped="0">
  <testcase classname="cssselectors.LinkedIn" name="linkedin" time="4.032"/>
  <system-out/>
</testsuite> <!-- cssselectors.LinkedIn -->
