<?xml version="1.0" encoding="UTF-8"?>
<!-- Generated by org.testng.reporters.JUnitReportReporter -->
<testsuite hostname="Rashmi" failures="0" tests="1" name="exercise.MagicBricks" time="12.044" errors="0" timestamp="2023-10-13T20:07:52 IST" skipped="0">
  <testcase classname="exercise.MagicBricks" name="MagicBricksExercise" time="12.044"/>
  <system-out/>
</testsuite> <!-- exercise.MagicBricks -->
