<?xml version="1.0" encoding="UTF-8"?>
<!-- Generated by org.testng.reporters.JUnitReportReporter -->
<testsuite hostname="Rashmi" failures="0" tests="1" name="webelementfunctions.Zoho" time="8.380" errors="0" timestamp="2023-06-29T23:35:27 IST" skipped="0">
  <testcase classname="webelementfunctions.Zoho" name="testApp" time="8.380"/>
  <system-out/>
</testsuite> <!-- webelementfunctions.Zoho -->
