<?xml version="1.0" encoding="UTF-8"?>
<!-- Generated by org.testng.reporters.JUnitReportReporter -->
<testsuite hostname="Rashmi" failures="0" tests="1" name="framesandcookies.Google" time="10.599" errors="0" timestamp="2023-09-13T20:22:58 IST" skipped="0">
  <testcase classname="framesandcookies.Google" name="google" time="10.599"/>
  <system-out/>
</testsuite> <!-- framesandcookies.Google -->
