<?xml version="1.0" encoding="UTF-8"?>
<!-- Generated by org.testng.reporters.JUnitReportReporter -->
<testsuite hostname="Rashmi" failures="0" tests="1" name="radiobuttonsandscreenshots.TakeScreenShot" time="5.480" errors="0" timestamp="2023-08-10T22:14:55 IST" skipped="0">
  <testcase classname="radiobuttonsandscreenshots.TakeScreenShot" name="radio" time="5.480"/>
  <system-out/>
</testsuite> <!-- radiobuttonsandscreenshots.TakeScreenShot -->
