<?xml version="1.0" encoding="UTF-8"?>
<!-- Generated by org.testng.reporters.JUnitReportReporter -->
<testsuite hostname="Rashmi" failures="0" tests="5" name="TestCases.suiteA.CreateUser" time="0.022" errors="0" timestamp="2023-05-23T20:15:24 IST" skipped="0">
  <testcase classname="TestCases.suiteA.CreateUser" name="deleteUser" time="0.002"/>
  <system-out/>
  <testcase classname="TestCases.suiteA.CreateUser" name="createUser" time="0.016"/>
  <system-out/>
  <testcase classname="TestCases.suiteA.CreateUser" name="deleteUser" time="0.001"/>
  <system-out/>
  <testcase classname="TestCases.suiteA.CreateUser" name="createUser" time="0.002"/>
  <system-out/>
  <testcase classname="TestCases.suiteA.CreateUser" name="createUser" time="0.001"/>
  <system-out/>
</testsuite> <!-- TestCases.suiteA.CreateUser -->
