<?xml version="1.0" encoding="UTF-8"?>
<!-- Generated by org.testng.reporters.JUnitReportReporter -->
<testsuite hostname="Rashmi" failures="0" tests="3" name="TestCases.suiteB.SearchAndBuyPhone" time="0.002" errors="0" timestamp="2023-05-23T20:15:24 IST" skipped="3">
  <testcase classname="TestCases.suiteB.SearchAndBuyPhone" name="search" time="0.002">
    <skipped/>
  </testcase> <!-- search -->
  <system-out/>
  <testcase classname="TestCases.suiteB.SearchAndBuyPhone" name="selectPhone" time="0.000">
    <skipped/>
  </testcase> <!-- selectPhone -->
  <system-out/>
  <testcase classname="TestCases.suiteB.SearchAndBuyPhone" name="checkout" time="0.000">
    <skipped/>
  </testcase> <!-- checkout -->
  <system-out/>
</testsuite> <!-- TestCases.suiteB.SearchAndBuyPhone -->
