<?xml version="1.0" encoding="UTF-8"?>
<!-- Generated by org.testng.reporters.JUnitReportReporter -->
<testsuite hostname="Rashmi" failures="0" tests="2" name="TestCases.suiteA.LoginTest" time="0.005" errors="0" timestamp="2023-05-23T20:15:24 IST" skipped="0">
  <testcase classname="TestCases.suiteA.LoginTest" name="logout" time="0.003"/>
  <system-out/>
  <testcase classname="TestCases.suiteA.LoginTest" name="doLogin" time="0.002"/>
  <system-out/>
</testsuite> <!-- TestCases.suiteA.LoginTest -->
