<?xml version="1.0" encoding="UTF-8"?>
<!-- Generated by org.testng.reporters.JUnitReportReporter -->
<testsuite hostname="Rashmi" failures="0" tests="3" name="TestCases.SearchAndBuyPhone" time="0.005" errors="0" timestamp="2023-04-24T19:18:03 IST" skipped="3">
  <testcase classname="TestCases.SearchAndBuyPhone" name="search" time="0.005">
    <skipped/>
  </testcase> <!-- search -->
  <testcase classname="TestCases.SearchAndBuyPhone" name="selectPhone" time="0.000">
    <skipped/>
  </testcase> <!-- selectPhone -->
  <testcase classname="TestCases.SearchAndBuyPhone" name="checkout" time="0.000">
    <skipped/>
  </testcase> <!-- checkout -->
</testsuite> <!-- TestCases.SearchAndBuyPhone -->
