<?xml version="1.0" encoding="UTF-8"?>
<!-- Generated by org.testng.reporters.JUnitReportReporter -->
<testsuite hostname="Rashmi" failures="0" tests="2" name="TestCases.LoginTest" time="0.006" errors="0" timestamp="2023-04-24T19:18:03 IST" skipped="0">
  <testcase classname="TestCases.LoginTest" name="logout" time="0.003"/>
  <testcase classname="TestCases.LoginTest" name="doLogin" time="0.003"/>
</testsuite> <!-- TestCases.LoginTest -->
