<?xml version="1.0" encoding="UTF-8"?>
<!-- Generated by org.testng.reporters.JUnitReportReporter -->
<testsuite hostname="Rashmi" failures="0" tests="5" name="TestCases.CreateUser" time="0.015" errors="0" timestamp="2023-04-24T19:18:03 IST" skipped="0">
  <testcase classname="TestCases.CreateUser" name="createUser" time="0.011"/>
  <testcase classname="TestCases.CreateUser" name="createUser" time="0.001"/>
  <testcase classname="TestCases.CreateUser" name="createUser" time="0.001"/>
  <testcase classname="TestCases.CreateUser" name="deleteUser" time="0.001"/>
  <testcase classname="TestCases.CreateUser" name="deleteUser" time="0.001"/>
</testsuite> <!-- TestCases.CreateUser -->
